Determining if the pthread_create exist failed with the following output:
Change Dir: /home/andreatadde/Scrivania/Esame_Programmazione/cmake-build-debug/CMakeFiles/CMakeTmp

Run Build Command(s):/usr/bin/make cmTC_388eb/fast 
/usr/bin/make -f CMakeFiles/cmTC_388eb.dir/build.make CMakeFiles/cmTC_388eb.dir/build
make[1]: ingresso nella directory "/home/andreatadde/Scrivania/Esame_Programmazione/cmake-build-debug/CMakeFiles/CMakeTmp"
Building C object CMakeFiles/cmTC_388eb.dir/CheckSymbolExists.c.o
/usr/bin/cc    -o CMakeFiles/cmTC_388eb.dir/CheckSymbolExists.c.o   -c /home/andreatadde/Scrivania/Esame_Programmazione/cmake-build-debug/CMakeFiles/CMakeTmp/CheckSymbolExists.c
Linking C executable cmTC_388eb
/home/andreatadde/clion-2018.3.4/bin/cmake/linux/bin/cmake -E cmake_link_script CMakeFiles/cmTC_388eb.dir/link.txt --verbose=1
/usr/bin/cc      -rdynamic CMakeFiles/cmTC_388eb.dir/CheckSymbolExists.c.o  -o cmTC_388eb 
CMakeFiles/cmTC_388eb.dir/CheckSymbolExists.c.o: nella funzione "main":
CheckSymbolExists.c:(.text+0x1b): riferimento non definito a "pthread_create"
collect2: error: ld returned 1 exit status
CMakeFiles/cmTC_388eb.dir/build.make:86: recipe for target 'cmTC_388eb' failed
make[1]: *** [cmTC_388eb] Error 1
make[1]: uscita dalla directory "/home/andreatadde/Scrivania/Esame_Programmazione/cmake-build-debug/CMakeFiles/CMakeTmp"
Makefile:121: recipe for target 'cmTC_388eb/fast' failed
make: *** [cmTC_388eb/fast] Error 2

File /home/andreatadde/Scrivania/Esame_Programmazione/cmake-build-debug/CMakeFiles/CMakeTmp/CheckSymbolExists.c:
/* */
#include <pthread.h>

int main(int argc, char** argv)
{
  (void)argv;
#ifndef pthread_create
  return ((int*)(&pthread_create))[argc];
#else
  (void)argc;
  return 0;
#endif
}

Determining if the function pthread_create exists in the pthreads failed with the following output:
Change Dir: /home/andreatadde/Scrivania/Esame_Programmazione/cmake-build-debug/CMakeFiles/CMakeTmp

Run Build Command(s):/usr/bin/make cmTC_a240d/fast 
/usr/bin/make -f CMakeFiles/cmTC_a240d.dir/build.make CMakeFiles/cmTC_a240d.dir/build
make[1]: ingresso nella directory "/home/andreatadde/Scrivania/Esame_Programmazione/cmake-build-debug/CMakeFiles/CMakeTmp"
Building C object CMakeFiles/cmTC_a240d.dir/CheckFunctionExists.c.o
/usr/bin/cc   -DCHECK_FUNCTION_EXISTS=pthread_create   -o CMakeFiles/cmTC_a240d.dir/CheckFunctionExists.c.o   -c /home/andreatadde/clion-2018.3.4/bin/cmake/linux/share/cmake-3.14/Modules/CheckFunctionExists.c
Linking C executable cmTC_a240d
/home/andreatadde/clion-2018.3.4/bin/cmake/linux/bin/cmake -E cmake_link_script CMakeFiles/cmTC_a240d.dir/link.txt --verbose=1
/usr/bin/cc  -DCHECK_FUNCTION_EXISTS=pthread_create    -rdynamic CMakeFiles/cmTC_a240d.dir/CheckFunctionExists.c.o  -o cmTC_a240d -lpthreads 
/usr/bin/ld: impossibile trovare -lpthreads
collect2: error: ld returned 1 exit status
CMakeFiles/cmTC_a240d.dir/build.make:86: recipe for target 'cmTC_a240d' failed
make[1]: *** [cmTC_a240d] Error 1
make[1]: uscita dalla directory "/home/andreatadde/Scrivania/Esame_Programmazione/cmake-build-debug/CMakeFiles/CMakeTmp"
Makefile:121: recipe for target 'cmTC_a240d/fast' failed
make: *** [cmTC_a240d/fast] Error 2


